<?xml version="1.0" encoding="UTF-8"?>
<testsuites name="Snapdeal Web Page" time="104" tests="0" failures="2" errors="0">
   <testsuite name="Snapdeal Web Page" tests="0" failures="2" errors="0" time="104" timestamp="2018-07-09 17:35:09" hostname="kartik.sehgal.in - L-15S7152.jasperindia.local" id="Test Suites/Snapdeal Web Page">
      <properties>
         <property name="deviceName" value=""/>
         <property name="devicePlatform" value=""/>
         <property name="logFolder" value="C:\\Users\\kartik.sehgal.in\\Katalon Studio\\SD\\Reports\\Snapdeal Web Page\\20180709_173507"/>
         <property name="logFiles" value="C:\\Users\\kartik.sehgal.in\\Katalon Studio\\SD\\Reports\\Snapdeal Web Page\\20180709_173507\\execution0.log"/>
         <property name="attachments" value="C:\\Users\\kartik.sehgal.in\\Katalon Studio\\SD\\Reports\\Snapdeal Web Page\\20180709_173507\\1531137961814.png, C:\\Users\\kartik.sehgal.in\\Katalon Studio\\SD\\Reports\\Snapdeal Web Page\\20180709_173507\\1531137962201.png, C:\\Users\\kartik.sehgal.in\\Katalon Studio\\SD\\Reports\\Snapdeal Web Page\\20180709_173507\\1531138012740.png, C:\\Users\\kartik.sehgal.in\\Katalon Studio\\SD\\Reports\\Snapdeal Web Page\\20180709_173507\\1531138013046.png"/>
         <property name="hostName" value="kartik.sehgal.in - L-15S7152.jasperindia.local"/>
         <property name="os" value="Windows 7 64bit"/>
         <property name="katalonVersion" value="5.4.2.1"/>
         <property name="browser" value="Firefox 62.0"/>
         <property name="hostAddress" value="10.20.86.19"/>
         <property name="sessionId" value="10336c97-c90b-46a9-9ff9-1500214904d2"/>
         <property name="seleniumVersion" value="3.7.1"/>
         <property name="proxyInformation" value="ProxyInformation{proxyOption=NO_PROXY, proxyServerType=HTTP, password=, proxyServerAddress=, proxyServerPort=0}"/>
         <property name="platform" value="Windows 7"/>
      </properties>
      <testcase name="Test Cases/Snapdeal Web Page" classname="Test Cases/Snapdeal Web Page" status="FAILED">
         <failure type="FAILED" message="Unable to verify object 'Object Repository/SD_Login_OR/Page_Online Shopping Site in India (1)/span_login' is present (Root cause: com.kms.katalon.core.webui.exception.WebElementNotFoundException: Web element with id: 'Object Repository/SD_Login_OR/Page_Online Shopping Site in India (1)/span_login' located by 'By.xpath: id(&quot;sdHeader&quot;)/div[@class=&quot;headerBar reset-padding&quot;]/div[@class=&quot;topBar  top-bar-homepage  top-freeze-reference-point&quot;]/div[@class=&quot;header_wrapper&quot;]/div[@class=&quot;col-xs-5 reset-padding header-right rfloat&quot;]/div[@class=&quot;myAccountTab accountHeaderClass col-xs-13 reset-padding&quot;]/div[@class=&quot;accountInner accountHeadColor&quot;]/div[@class=&quot;dropdownWrapper&quot;]/div[@class=&quot;dropdownAccountNonLoggedIn&quot;]/div[@class=&quot;accountInfoNonLoggedIn&quot;]/span[@class=&quot;accountBtn btn rippleWhite&quot;][count(. | //span[(text() = 'login' or . = 'login')]) = count(//span[(text() = 'login' or . = 'login')])]' not found)"/>
         <system-out><![CDATA[2018-07-09 17:35:09 - [TEST_CASE][FAILED] - Test Cases/Snapdeal Web Page: Test Cases/Snapdeal Web Page FAILED because (of) Unable to verify object 'Object Repository/SD_Login_OR/Page_Online Shopping Site in India (1)/span_login' is present (Root cause: com.kms.katalon.core.webui.exception.WebElementNotFoundException: Web element with id: 'Object Repository/SD_Login_OR/Page_Online Shopping Site in India (1)/span_login' located by 'By.xpath: id("sdHeader")/div[@class="headerBar reset-padding"]/div[@class="topBar  top-bar-homepage  top-freeze-reference-point"]/div[@class="header_wrapper"]/div[@class="col-xs-5 reset-padding header-right rfloat"]/div[@class="myAccountTab accountHeaderClass col-xs-13 reset-padding"]/div[@class="accountInner accountHeadColor"]/div[@class="dropdownWrapper"]/div[@class="dropdownAccountNonLoggedIn"]/div[@class="accountInfoNonLoggedIn"]/span[@class="accountBtn btn rippleWhite"][count(. | //span[(text() = 'login' or . = 'login')]) = count(//span[(text() = 'login' or . = 'login')])]' not found)

2018-07-09 17:35:09 - [TEST_STEP][PASSED] - openBrowser: Browser is opened with url: ''

2018-07-09 17:35:15 - [MESSAGE][PASSED] - Browser is opened with url: ''

2018-07-09 17:35:15 - [TEST_STEP][PASSED] - navigateToUrl: Navigate to 'https://www.snapdeal.com/' successfully

2018-07-09 17:35:18 - [MESSAGE][PASSED] - Navigate to 'https://www.snapdeal.com/' successfully

2018-07-09 17:35:18 - [TEST_STEP][PASSED] - waitForElementPresent: Object 'Object Repository/SD_Login_OR/Page_Online Shopping Site in India/Page_Online Shopping Site in India/div_Sign In' is present

2018-07-09 17:35:18 - [MESSAGE][PASSED] - Object 'Object Repository/SD_Login_OR/Page_Online Shopping Site in India/Page_Online Shopping Site in India/div_Sign In' is present

2018-07-09 17:35:18 - [TEST_STEP][PASSED] - verifyElementPresent: Object 'Object Repository/SD_Login_OR/Page_Online Shopping Site in India/Page_Online Shopping Site in India/div_Sign In' is present

2018-07-09 17:35:18 - [MESSAGE][WARNING] - Timeout '0' is invalid. Using default page load timeout: '30'

2018-07-09 17:35:18 - [MESSAGE][PASSED] - Object 'Object Repository/SD_Login_OR/Page_Online Shopping Site in India/Page_Online Shopping Site in India/div_Sign In' is present

2018-07-09 17:35:18 - [TEST_STEP][PASSED] - click: Object: 'Object Repository/SD_Login_OR/Page_Online Shopping Site in India/Page_Online Shopping Site in India/div_Sign In' is clicked on

2018-07-09 17:35:20 - [MESSAGE][PASSED] - Object: 'Object Repository/SD_Login_OR/Page_Online Shopping Site in India/Page_Online Shopping Site in India/div_Sign In' is clicked on

2018-07-09 17:35:20 - [TEST_STEP][PASSED] - waitForElementPresent: Object 'Object Repository/SD_Login_OR/Page_Online Shopping Site in India (1)/span_login' is not present after 10 second(s)

2018-07-09 17:35:30 - [MESSAGE][WARNING] - Object 'Object Repository/SD_Login_OR/Page_Online Shopping Site in India (1)/span_login' is not present after 10 second(s)

2018-07-09 17:35:30 - [TEST_STEP][FAILED] - verifyElementPresent: Unable to verify object 'Object Repository/SD_Login_OR/Page_Online Shopping Site in India (1)/span_login' is present (Root cause: com.kms.katalon.core.webui.exception.WebElementNotFoundException: Web element with id: 'Object Repository/SD_Login_OR/Page_Online Shopping Site in India (1)/span_login' located by 'By.xpath: id("sdHeader")/div[@class="headerBar reset-padding"]/div[@class="topBar  top-bar-homepage  top-freeze-reference-point"]/div[@class="header_wrapper"]/div[@class="col-xs-5 reset-padding header-right rfloat"]/div[@class="myAccountTab accountHeaderClass col-xs-13 reset-padding"]/div[@class="accountInner accountHeadColor"]/div[@class="dropdownWrapper"]/div[@class="dropdownAccountNonLoggedIn"]/div[@class="accountInfoNonLoggedIn"]/span[@class="accountBtn btn rippleWhite"][count(. | //span[(text() = 'login' or . = 'login')]) = count(//span[(text() = 'login' or . = 'login')])]' not found)

2018-07-09 17:35:30 - [MESSAGE][WARNING] - Timeout '0' is invalid. Using default page load timeout: '30'

2018-07-09 17:36:02 - [MESSAGE][FAILED] - com.kms.katalon.core.webui.exception.WebElementNotFoundException: Web element with id: 'Object Repository/SD_Login_OR/Page_Online Shopping Site in India (1)/span_login' located by 'By.xpath: id("sdHeader")/div[@class="headerBar reset-padding"]/div[@class="topBar  top-bar-homepage  top-freeze-reference-point"]/div[@class="header_wrapper"]/div[@class="col-xs-5 reset-padding header-right rfloat"]/div[@class="myAccountTab accountHeaderClass col-xs-13 reset-padding"]/div[@class="accountInner accountHeadColor"]/div[@class="dropdownWrapper"]/div[@class="dropdownAccountNonLoggedIn"]/div[@class="accountInfoNonLoggedIn"]/span[@class="accountBtn btn rippleWhite"][count(. | //span[(text() = 'login' or . = 'login')]) = count(//span[(text() = 'login' or . = 'login')])]' not found
[[ATTACHMENT|C:\\Users\\kartik.sehgal.in\\Katalon Studio\\SD\\Reports\\Snapdeal Web Page\\20180709_173507\\1531137961814.png]]

2018-07-09 17:36:02 - [MESSAGE][FAILED] - Unable to verify object 'Object Repository/SD_Login_OR/Page_Online Shopping Site in India (1)/span_login' is present (Root cause: com.kms.katalon.core.webui.exception.WebElementNotFoundException: Web element with id: 'Object Repository/SD_Login_OR/Page_Online Shopping Site in India (1)/span_login' located by 'By.xpath: id("sdHeader")/div[@class="headerBar reset-padding"]/div[@class="topBar  top-bar-homepage  top-freeze-reference-point"]/div[@class="header_wrapper"]/div[@class="col-xs-5 reset-padding header-right rfloat"]/div[@class="myAccountTab accountHeaderClass col-xs-13 reset-padding"]/div[@class="accountInner accountHeadColor"]/div[@class="dropdownWrapper"]/div[@class="dropdownAccountNonLoggedIn"]/div[@class="accountInfoNonLoggedIn"]/span[@class="accountBtn btn rippleWhite"][count(. | //span[(text() = 'login' or . = 'login')]) = count(//span[(text() = 'login' or . = 'login')])]' not found)
[[ATTACHMENT|C:\\Users\\kartik.sehgal.in\\Katalon Studio\\SD\\Reports\\Snapdeal Web Page\\20180709_173507\\1531137962201.png]]]]></system-out>
         <system-err><![CDATA[2018-07-09 17:35:09 - [TEST_CASE][FAILED] - Test Cases/Snapdeal Web Page: Test Cases/Snapdeal Web Page FAILED because (of) Unable to verify object 'Object Repository/SD_Login_OR/Page_Online Shopping Site in India (1)/span_login' is present (Root cause: com.kms.katalon.core.webui.exception.WebElementNotFoundException: Web element with id: 'Object Repository/SD_Login_OR/Page_Online Shopping Site in India (1)/span_login' located by 'By.xpath: id("sdHeader")/div[@class="headerBar reset-padding"]/div[@class="topBar  top-bar-homepage  top-freeze-reference-point"]/div[@class="header_wrapper"]/div[@class="col-xs-5 reset-padding header-right rfloat"]/div[@class="myAccountTab accountHeaderClass col-xs-13 reset-padding"]/div[@class="accountInner accountHeadColor"]/div[@class="dropdownWrapper"]/div[@class="dropdownAccountNonLoggedIn"]/div[@class="accountInfoNonLoggedIn"]/span[@class="accountBtn btn rippleWhite"][count(. | //span[(text() = 'login' or . = 'login')]) = count(//span[(text() = 'login' or . = 'login')])]' not found)]]></system-err>
      </testcase>
      <testcase name="Test Cases/Snapdeal Web Page" classname="Test Cases/Snapdeal Web Page" status="FAILED">
         <failure type="FAILED" message="Unable to verify object 'Object Repository/SD_Login_OR/Page_Online Shopping Site in India (1)/span_login' is present (Root cause: com.kms.katalon.core.webui.exception.WebElementNotFoundException: Web element with id: 'Object Repository/SD_Login_OR/Page_Online Shopping Site in India (1)/span_login' located by 'By.xpath: id(&quot;sdHeader&quot;)/div[@class=&quot;headerBar reset-padding&quot;]/div[@class=&quot;topBar  top-bar-homepage  top-freeze-reference-point&quot;]/div[@class=&quot;header_wrapper&quot;]/div[@class=&quot;col-xs-5 reset-padding header-right rfloat&quot;]/div[@class=&quot;myAccountTab accountHeaderClass col-xs-13 reset-padding&quot;]/div[@class=&quot;accountInner accountHeadColor&quot;]/div[@class=&quot;dropdownWrapper&quot;]/div[@class=&quot;dropdownAccountNonLoggedIn&quot;]/div[@class=&quot;accountInfoNonLoggedIn&quot;]/span[@class=&quot;accountBtn btn rippleWhite&quot;][count(. | //span[(text() = 'login' or . = 'login')]) = count(//span[(text() = 'login' or . = 'login')])]' not found)"/>
         <system-out><![CDATA[2018-07-09 17:36:02 - [TEST_CASE][FAILED] - Test Cases/Snapdeal Web Page: Test Cases/Snapdeal Web Page FAILED because (of) Unable to verify object 'Object Repository/SD_Login_OR/Page_Online Shopping Site in India (1)/span_login' is present (Root cause: com.kms.katalon.core.webui.exception.WebElementNotFoundException: Web element with id: 'Object Repository/SD_Login_OR/Page_Online Shopping Site in India (1)/span_login' located by 'By.xpath: id("sdHeader")/div[@class="headerBar reset-padding"]/div[@class="topBar  top-bar-homepage  top-freeze-reference-point"]/div[@class="header_wrapper"]/div[@class="col-xs-5 reset-padding header-right rfloat"]/div[@class="myAccountTab accountHeaderClass col-xs-13 reset-padding"]/div[@class="accountInner accountHeadColor"]/div[@class="dropdownWrapper"]/div[@class="dropdownAccountNonLoggedIn"]/div[@class="accountInfoNonLoggedIn"]/span[@class="accountBtn btn rippleWhite"][count(. | //span[(text() = 'login' or . = 'login')]) = count(//span[(text() = 'login' or . = 'login')])]' not found)

2018-07-09 17:36:02 - [TEST_STEP][PASSED] - openBrowser: Browser is opened with url: ''

2018-07-09 17:36:02 - [MESSAGE][WARNING] - A browser is already opened. Closing browser and opening a new one

2018-07-09 17:36:07 - [MESSAGE][PASSED] - Browser is opened with url: ''

2018-07-09 17:36:07 - [TEST_STEP][PASSED] - navigateToUrl: Navigate to 'https://www.snapdeal.com/' successfully

2018-07-09 17:36:10 - [MESSAGE][PASSED] - Navigate to 'https://www.snapdeal.com/' successfully

2018-07-09 17:36:10 - [TEST_STEP][PASSED] - waitForElementPresent: Object 'Object Repository/SD_Login_OR/Page_Online Shopping Site in India/Page_Online Shopping Site in India/div_Sign In' is present

2018-07-09 17:36:10 - [MESSAGE][PASSED] - Object 'Object Repository/SD_Login_OR/Page_Online Shopping Site in India/Page_Online Shopping Site in India/div_Sign In' is present

2018-07-09 17:36:10 - [TEST_STEP][PASSED] - verifyElementPresent: Object 'Object Repository/SD_Login_OR/Page_Online Shopping Site in India/Page_Online Shopping Site in India/div_Sign In' is present

2018-07-09 17:36:10 - [MESSAGE][WARNING] - Timeout '0' is invalid. Using default page load timeout: '30'

2018-07-09 17:36:10 - [MESSAGE][PASSED] - Object 'Object Repository/SD_Login_OR/Page_Online Shopping Site in India/Page_Online Shopping Site in India/div_Sign In' is present

2018-07-09 17:36:10 - [TEST_STEP][PASSED] - click: Object: 'Object Repository/SD_Login_OR/Page_Online Shopping Site in India/Page_Online Shopping Site in India/div_Sign In' is clicked on

2018-07-09 17:36:11 - [MESSAGE][PASSED] - Object: 'Object Repository/SD_Login_OR/Page_Online Shopping Site in India/Page_Online Shopping Site in India/div_Sign In' is clicked on

2018-07-09 17:36:11 - [TEST_STEP][PASSED] - waitForElementPresent: Object 'Object Repository/SD_Login_OR/Page_Online Shopping Site in India (1)/span_login' is not present after 10 second(s)

2018-07-09 17:36:21 - [MESSAGE][WARNING] - Object 'Object Repository/SD_Login_OR/Page_Online Shopping Site in India (1)/span_login' is not present after 10 second(s)

2018-07-09 17:36:21 - [TEST_STEP][FAILED] - verifyElementPresent: Unable to verify object 'Object Repository/SD_Login_OR/Page_Online Shopping Site in India (1)/span_login' is present (Root cause: com.kms.katalon.core.webui.exception.WebElementNotFoundException: Web element with id: 'Object Repository/SD_Login_OR/Page_Online Shopping Site in India (1)/span_login' located by 'By.xpath: id("sdHeader")/div[@class="headerBar reset-padding"]/div[@class="topBar  top-bar-homepage  top-freeze-reference-point"]/div[@class="header_wrapper"]/div[@class="col-xs-5 reset-padding header-right rfloat"]/div[@class="myAccountTab accountHeaderClass col-xs-13 reset-padding"]/div[@class="accountInner accountHeadColor"]/div[@class="dropdownWrapper"]/div[@class="dropdownAccountNonLoggedIn"]/div[@class="accountInfoNonLoggedIn"]/span[@class="accountBtn btn rippleWhite"][count(. | //span[(text() = 'login' or . = 'login')]) = count(//span[(text() = 'login' or . = 'login')])]' not found)

2018-07-09 17:36:21 - [MESSAGE][WARNING] - Timeout '0' is invalid. Using default page load timeout: '30'

2018-07-09 17:36:53 - [MESSAGE][FAILED] - com.kms.katalon.core.webui.exception.WebElementNotFoundException: Web element with id: 'Object Repository/SD_Login_OR/Page_Online Shopping Site in India (1)/span_login' located by 'By.xpath: id("sdHeader")/div[@class="headerBar reset-padding"]/div[@class="topBar  top-bar-homepage  top-freeze-reference-point"]/div[@class="header_wrapper"]/div[@class="col-xs-5 reset-padding header-right rfloat"]/div[@class="myAccountTab accountHeaderClass col-xs-13 reset-padding"]/div[@class="accountInner accountHeadColor"]/div[@class="dropdownWrapper"]/div[@class="dropdownAccountNonLoggedIn"]/div[@class="accountInfoNonLoggedIn"]/span[@class="accountBtn btn rippleWhite"][count(. | //span[(text() = 'login' or . = 'login')]) = count(//span[(text() = 'login' or . = 'login')])]' not found
[[ATTACHMENT|C:\\Users\\kartik.sehgal.in\\Katalon Studio\\SD\\Reports\\Snapdeal Web Page\\20180709_173507\\1531138012740.png]]

2018-07-09 17:36:53 - [MESSAGE][FAILED] - Unable to verify object 'Object Repository/SD_Login_OR/Page_Online Shopping Site in India (1)/span_login' is present (Root cause: com.kms.katalon.core.webui.exception.WebElementNotFoundException: Web element with id: 'Object Repository/SD_Login_OR/Page_Online Shopping Site in India (1)/span_login' located by 'By.xpath: id("sdHeader")/div[@class="headerBar reset-padding"]/div[@class="topBar  top-bar-homepage  top-freeze-reference-point"]/div[@class="header_wrapper"]/div[@class="col-xs-5 reset-padding header-right rfloat"]/div[@class="myAccountTab accountHeaderClass col-xs-13 reset-padding"]/div[@class="accountInner accountHeadColor"]/div[@class="dropdownWrapper"]/div[@class="dropdownAccountNonLoggedIn"]/div[@class="accountInfoNonLoggedIn"]/span[@class="accountBtn btn rippleWhite"][count(. | //span[(text() = 'login' or . = 'login')]) = count(//span[(text() = 'login' or . = 'login')])]' not found)
[[ATTACHMENT|C:\\Users\\kartik.sehgal.in\\Katalon Studio\\SD\\Reports\\Snapdeal Web Page\\20180709_173507\\1531138013046.png]]]]></system-out>
         <system-err><![CDATA[2018-07-09 17:36:02 - [TEST_CASE][FAILED] - Test Cases/Snapdeal Web Page: Test Cases/Snapdeal Web Page FAILED because (of) Unable to verify object 'Object Repository/SD_Login_OR/Page_Online Shopping Site in India (1)/span_login' is present (Root cause: com.kms.katalon.core.webui.exception.WebElementNotFoundException: Web element with id: 'Object Repository/SD_Login_OR/Page_Online Shopping Site in India (1)/span_login' located by 'By.xpath: id("sdHeader")/div[@class="headerBar reset-padding"]/div[@class="topBar  top-bar-homepage  top-freeze-reference-point"]/div[@class="header_wrapper"]/div[@class="col-xs-5 reset-padding header-right rfloat"]/div[@class="myAccountTab accountHeaderClass col-xs-13 reset-padding"]/div[@class="accountInner accountHeadColor"]/div[@class="dropdownWrapper"]/div[@class="dropdownAccountNonLoggedIn"]/div[@class="accountInfoNonLoggedIn"]/span[@class="accountBtn btn rippleWhite"][count(. | //span[(text() = 'login' or . = 'login')]) = count(//span[(text() = 'login' or . = 'login')])]' not found)]]></system-err>
      </testcase>
      <system-out><![CDATA[2018-07-09 17:35:09 - [TEST_SUITE][FAILED] - Snapdeal Web Page: Test Cases/Snapdeal Web Page FAILED because (of) Unable to verify object 'Object Repository/SD_Login_OR/Page_Online Shopping Site in India (1)/span_login' is present (Root cause: com.kms.katalon.core.webui.exception.WebElementNotFoundException: Web element with id: 'Object Repository/SD_Login_OR/Page_Online Shopping Site in India (1)/span_login' located by 'By.xpath: id("sdHeader")/div[@class="headerBar reset-padding"]/div[@class="topBar  top-bar-homepage  top-freeze-reference-point"]/div[@class="header_wrapper"]/div[@class="col-xs-5 reset-padding header-right rfloat"]/div[@class="myAccountTab accountHeaderClass col-xs-13 reset-padding"]/div[@class="accountInner accountHeadColor"]/div[@class="dropdownWrapper"]/div[@class="dropdownAccountNonLoggedIn"]/div[@class="accountInfoNonLoggedIn"]/span[@class="accountBtn btn rippleWhite"][count(. | //span[(text() = 'login' or . = 'login')]) = count(//span[(text() = 'login' or . = 'login')])]' not found)]]></system-out>
      <system-err><![CDATA[2018-07-09 17:35:09 - [TEST_SUITE][FAILED] - Snapdeal Web Page: Test Cases/Snapdeal Web Page FAILED because (of) Unable to verify object 'Object Repository/SD_Login_OR/Page_Online Shopping Site in India (1)/span_login' is present (Root cause: com.kms.katalon.core.webui.exception.WebElementNotFoundException: Web element with id: 'Object Repository/SD_Login_OR/Page_Online Shopping Site in India (1)/span_login' located by 'By.xpath: id("sdHeader")/div[@class="headerBar reset-padding"]/div[@class="topBar  top-bar-homepage  top-freeze-reference-point"]/div[@class="header_wrapper"]/div[@class="col-xs-5 reset-padding header-right rfloat"]/div[@class="myAccountTab accountHeaderClass col-xs-13 reset-padding"]/div[@class="accountInner accountHeadColor"]/div[@class="dropdownWrapper"]/div[@class="dropdownAccountNonLoggedIn"]/div[@class="accountInfoNonLoggedIn"]/span[@class="accountBtn btn rippleWhite"][count(. | //span[(text() = 'login' or . = 'login')]) = count(//span[(text() = 'login' or . = 'login')])]' not found)]]></system-err>
   </testsuite>
</testsuites>
