<?xml version="1.0" encoding="UTF-8"?>
<testsuites name="Snapdeal Web Page" time="19" tests="1" failures="1" errors="0">
   <testsuite name="Snapdeal Web Page" tests="1" failures="1" errors="0" time="19" timestamp="2018-07-09 17:18:17" hostname="kartik.sehgal.in - L-15S7152.jasperindia.local" id="Test Suites/Snapdeal Web Page">
      <properties>
         <property name="deviceName" value=""/>
         <property name="devicePlatform" value=""/>
         <property name="logFolder" value="C:\\Users\\kartik.sehgal.in\\Katalon Studio\\SD\\Reports\\Snapdeal Web Page\\20180709_171814"/>
         <property name="logFiles" value="C:\\Users\\kartik.sehgal.in\\Katalon Studio\\SD\\Reports\\Snapdeal Web Page\\20180709_171814\\execution0.log"/>
         <property name="attachments" value="C:\\Users\\kartik.sehgal.in\\Katalon Studio\\SD\\Reports\\Snapdeal Web Page\\20180709_171814\\1531136915728.png"/>
         <property name="hostName" value="kartik.sehgal.in - L-15S7152.jasperindia.local"/>
         <property name="os" value="Windows 7 64bit"/>
         <property name="katalonVersion" value="5.4.2.1"/>
         <property name="browser" value="Chrome 67.0.3396.99"/>
         <property name="hostAddress" value="10.20.86.19"/>
         <property name="sessionId" value="d3e9f01a0c450d6f344164cc5682ff19"/>
         <property name="seleniumVersion" value="3.7.1"/>
         <property name="proxyInformation" value="ProxyInformation{proxyOption=NO_PROXY, proxyServerType=HTTP, password=, proxyServerAddress=, proxyServerPort=0}"/>
         <property name="platform" value="Windows 7"/>
      </properties>
      <testcase name="Test Cases/Snapdeal Web Page" classname="Test Cases/Snapdeal Web Page" status="PASSED">
         <system-out><![CDATA[2018-07-09 17:18:17 - [TEST_CASE][PASSED] - Test Cases/Snapdeal Web Page: Test Cases/Snapdeal Web Page

2018-07-09 17:18:18 - [TEST_STEP][PASSED] - openBrowser: Browser is opened with url: ''

2018-07-09 17:18:22 - [MESSAGE][PASSED] - Browser is opened with url: ''

2018-07-09 17:18:22 - [TEST_STEP][PASSED] - navigateToUrl: Navigate to 'https://www.snapdeal.com/' successfully

2018-07-09 17:18:26 - [MESSAGE][PASSED] - Navigate to 'https://www.snapdeal.com/' successfully

2018-07-09 17:18:26 - [TEST_STEP][PASSED] - waitForElementPresent: Object 'Object Repository/SD_Login_OR/Page_Online Shopping Site in India/Page_Online Shopping Site in India/div_Sign In' is present

2018-07-09 17:18:26 - [MESSAGE][PASSED] - Object 'Object Repository/SD_Login_OR/Page_Online Shopping Site in India/Page_Online Shopping Site in India/div_Sign In' is present

2018-07-09 17:18:26 - [TEST_STEP][PASSED] - verifyElementPresent: Object 'Object Repository/SD_Login_OR/Page_Online Shopping Site in India/Page_Online Shopping Site in India/div_Sign In' is present

2018-07-09 17:18:26 - [MESSAGE][WARNING] - Timeout '0' is invalid. Using default page load timeout: '30'

2018-07-09 17:18:26 - [MESSAGE][PASSED] - Object 'Object Repository/SD_Login_OR/Page_Online Shopping Site in India/Page_Online Shopping Site in India/div_Sign In' is present

2018-07-09 17:18:26 - [TEST_STEP][PASSED] - click: Object: 'Object Repository/SD_Login_OR/Page_Online Shopping Site in India/Page_Online Shopping Site in India/div_Sign In' is clicked on

2018-07-09 17:18:26 - [MESSAGE][PASSED] - Object: 'Object Repository/SD_Login_OR/Page_Online Shopping Site in India/Page_Online Shopping Site in India/div_Sign In' is clicked on

2018-07-09 17:18:26 - [TEST_STEP][PASSED] - waitForElementPresent: Object 'Object Repository/SD_Login_OR/Page_Online Shopping Site in India (1)/span_login' is present

2018-07-09 17:18:26 - [MESSAGE][PASSED] - Object 'Object Repository/SD_Login_OR/Page_Online Shopping Site in India (1)/span_login' is present

2018-07-09 17:18:26 - [TEST_STEP][PASSED] - verifyElementPresent: Object 'Object Repository/SD_Login_OR/Page_Online Shopping Site in India (1)/span_login' is present

2018-07-09 17:18:26 - [MESSAGE][WARNING] - Timeout '0' is invalid. Using default page load timeout: '30'

2018-07-09 17:18:26 - [MESSAGE][PASSED] - Object 'Object Repository/SD_Login_OR/Page_Online Shopping Site in India (1)/span_login' is present

2018-07-09 17:18:26 - [TEST_STEP][PASSED] - click: Object: 'Object Repository/SD_Login_OR/Page_Online Shopping Site in India (1)/span_login' is clicked on

2018-07-09 17:18:27 - [MESSAGE][PASSED] - Object: 'Object Repository/SD_Login_OR/Page_Online Shopping Site in India (1)/span_login' is clicked on

2018-07-09 17:18:27 - [TEST_STEP][PASSED] - waitForElementPresent: Object 'Object Repository/SD_Login_OR/Page_Online Shopping Site in India (1)/input_username' is present

2018-07-09 17:18:27 - [MESSAGE][PASSED] - Object 'Object Repository/SD_Login_OR/Page_Online Shopping Site in India (1)/input_username' is present

2018-07-09 17:18:27 - [TEST_STEP][PASSED] - setText: Text '9654421103' is set on object 'Object Repository/SD_Login_OR/Page_Online Shopping Site in India/Page_Online Shopping Site in India/Page_Online Shopping Site in India/input_username'

2018-07-09 17:18:27 - [MESSAGE][PASSED] - Text '9654421103' is set on object 'Object Repository/SD_Login_OR/Page_Online Shopping Site in India/Page_Online Shopping Site in India/Page_Online Shopping Site in India/input_username'

2018-07-09 17:18:27 - [TEST_STEP][PASSED] - click: Object: 'Object Repository/SD_Login_OR/Page_Online Shopping Site in India/button_continue' is clicked on

2018-07-09 17:18:28 - [MESSAGE][PASSED] - Object: 'Object Repository/SD_Login_OR/Page_Online Shopping Site in India/button_continue' is clicked on

2018-07-09 17:18:28 - [TEST_STEP][PASSED] - click: Object: 'Object Repository/New Folder/Page_Online Shopping Site in India/button_Login Without Password' is clicked on

2018-07-09 17:18:28 - [MESSAGE][PASSED] - Object: 'Object Repository/New Folder/Page_Online Shopping Site in India/button_Login Without Password' is clicked on

2018-07-09 17:18:28 - [TEST_STEP][NOT_RUN] - closeBrowser: NOT_RUN: closeBrowser

2018-07-09 17:18:28 - [MESSAGE][NOT_RUN] - NOT_RUN: closeBrowser]]></system-out>
         <system-err><![CDATA[]]></system-err>
      </testcase>
      <testcase name="Test Cases/Snapdeal Web Page" classname="Test Cases/Snapdeal Web Page" status="FAILED">
         <failure type="FAILED" message="Unable to set text '9958571972' of object 'Object Repository/SD_Login_OR/Page_Online Shopping Site in India/Page_Online Shopping Site in India/Page_Online Shopping Site in India/input_username' (Root cause: org.openqa.selenium.InvalidElementStateException: invalid element state: Element is not currently interactable and may not be manipulated
  (Session info: chrome=67.0.3396.99)
  (Driver info: chromedriver=2.35.528161 (5b82f2d2aae0ca24b877009200ced9065a772e73),platform=Windows NT 6.1.7601 SP1 x86_64) (WARNING: The server did not provide any stacktrace information)
Command duration or timeout: 0 milliseconds
Build info: version: '3.7.1', revision: '8a0099a', time: '2017-11-06T21:07:36.161Z'
System info: host: 'L-15S7152', ip: '10.20.86.19', os.name: 'Windows 7', os.arch: 'amd64', os.version: '6.1', java.version: '1.8.0_102'
Driver info: com.kms.katalon.selenium.driver.CChromeDriver
Capabilities {acceptInsecureCerts: false, acceptSslCerts: false, applicationCacheEnabled: false, browserConnectionEnabled: false, browserName: chrome, chrome: {chromedriverVersion: 2.35.528161 (5b82f2d2aae0ca..., userDataDir: C:\Users\KARTIK~1.IN\AppDat...}, cssSelectorsEnabled: true, databaseEnabled: false, handlesAlerts: true, hasTouchScreen: false, javascriptEnabled: true, locationContextEnabled: true, mobileEmulationEnabled: false, nativeEvents: true, networkConnectionEnabled: false, pageLoadStrategy: normal, platform: XP, platformName: XP, rotatable: false, setWindowRect: true, takesHeapSnapshot: true, takesScreenshot: true, unexpectedAlertBehaviour: , unhandledPromptBehavior: , version: 67.0.3396.99, webStorageEnabled: true}
Session ID: d3e9f01a0c450d6f344164cc5682ff19)"/>
         <system-out><![CDATA[2018-07-09 17:18:28 - [TEST_CASE][FAILED] - Test Cases/Snapdeal Web Page: Test Cases/Snapdeal Web Page FAILED because (of) Unable to set text '9958571972' of object 'Object Repository/SD_Login_OR/Page_Online Shopping Site in India/Page_Online Shopping Site in India/Page_Online Shopping Site in India/input_username' (Root cause: org.openqa.selenium.InvalidElementStateException: invalid element state: Element is not currently interactable and may not be manipulated
  (Session info: chrome=67.0.3396.99)
  (Driver info: chromedriver=2.35.528161 (5b82f2d2aae0ca24b877009200ced9065a772e73),platform=Windows NT 6.1.7601 SP1 x86_64) (WARNING: The server did not provide any stacktrace information)
Command duration or timeout: 0 milliseconds
Build info: version: '3.7.1', revision: '8a0099a', time: '2017-11-06T21:07:36.161Z'
System info: host: 'L-15S7152', ip: '10.20.86.19', os.name: 'Windows 7', os.arch: 'amd64', os.version: '6.1', java.version: '1.8.0_102'
Driver info: com.kms.katalon.selenium.driver.CChromeDriver
Capabilities {acceptInsecureCerts: false, acceptSslCerts: false, applicationCacheEnabled: false, browserConnectionEnabled: false, browserName: chrome, chrome: {chromedriverVersion: 2.35.528161 (5b82f2d2aae0ca..., userDataDir: C:\Users\KARTIK~1.IN\AppDat...}, cssSelectorsEnabled: true, databaseEnabled: false, handlesAlerts: true, hasTouchScreen: false, javascriptEnabled: true, locationContextEnabled: true, mobileEmulationEnabled: false, nativeEvents: true, networkConnectionEnabled: false, pageLoadStrategy: normal, platform: XP, platformName: XP, rotatable: false, setWindowRect: true, takesHeapSnapshot: true, takesScreenshot: true, unexpectedAlertBehaviour: , unhandledPromptBehavior: , version: 67.0.3396.99, webStorageEnabled: true}
Session ID: d3e9f01a0c450d6f344164cc5682ff19)

2018-07-09 17:18:28 - [TEST_STEP][PASSED] - openBrowser: Browser is opened with url: ''

2018-07-09 17:18:28 - [MESSAGE][WARNING] - A browser is already opened. Closing browser and opening a new one

2018-07-09 17:18:31 - [MESSAGE][PASSED] - Browser is opened with url: ''

2018-07-09 17:18:31 - [TEST_STEP][PASSED] - navigateToUrl: Navigate to 'https://www.snapdeal.com/' successfully

2018-07-09 17:18:34 - [MESSAGE][PASSED] - Navigate to 'https://www.snapdeal.com/' successfully

2018-07-09 17:18:34 - [TEST_STEP][PASSED] - waitForElementPresent: Object 'Object Repository/SD_Login_OR/Page_Online Shopping Site in India/Page_Online Shopping Site in India/div_Sign In' is present

2018-07-09 17:18:34 - [MESSAGE][PASSED] - Object 'Object Repository/SD_Login_OR/Page_Online Shopping Site in India/Page_Online Shopping Site in India/div_Sign In' is present

2018-07-09 17:18:34 - [TEST_STEP][PASSED] - verifyElementPresent: Object 'Object Repository/SD_Login_OR/Page_Online Shopping Site in India/Page_Online Shopping Site in India/div_Sign In' is present

2018-07-09 17:18:34 - [MESSAGE][WARNING] - Timeout '0' is invalid. Using default page load timeout: '30'

2018-07-09 17:18:35 - [MESSAGE][PASSED] - Object 'Object Repository/SD_Login_OR/Page_Online Shopping Site in India/Page_Online Shopping Site in India/div_Sign In' is present

2018-07-09 17:18:35 - [TEST_STEP][PASSED] - click: Object: 'Object Repository/SD_Login_OR/Page_Online Shopping Site in India/Page_Online Shopping Site in India/div_Sign In' is clicked on

2018-07-09 17:18:35 - [MESSAGE][PASSED] - Object: 'Object Repository/SD_Login_OR/Page_Online Shopping Site in India/Page_Online Shopping Site in India/div_Sign In' is clicked on

2018-07-09 17:18:35 - [TEST_STEP][PASSED] - waitForElementPresent: Object 'Object Repository/SD_Login_OR/Page_Online Shopping Site in India (1)/span_login' is present

2018-07-09 17:18:35 - [MESSAGE][PASSED] - Object 'Object Repository/SD_Login_OR/Page_Online Shopping Site in India (1)/span_login' is present

2018-07-09 17:18:35 - [TEST_STEP][PASSED] - verifyElementPresent: Object 'Object Repository/SD_Login_OR/Page_Online Shopping Site in India (1)/span_login' is present

2018-07-09 17:18:35 - [MESSAGE][WARNING] - Timeout '0' is invalid. Using default page load timeout: '30'

2018-07-09 17:18:35 - [MESSAGE][PASSED] - Object 'Object Repository/SD_Login_OR/Page_Online Shopping Site in India (1)/span_login' is present

2018-07-09 17:18:35 - [TEST_STEP][PASSED] - click: Object: 'Object Repository/SD_Login_OR/Page_Online Shopping Site in India (1)/span_login' is clicked on

2018-07-09 17:18:35 - [MESSAGE][PASSED] - Object: 'Object Repository/SD_Login_OR/Page_Online Shopping Site in India (1)/span_login' is clicked on

2018-07-09 17:18:35 - [TEST_STEP][PASSED] - waitForElementPresent: Object 'Object Repository/SD_Login_OR/Page_Online Shopping Site in India (1)/input_username' is present

2018-07-09 17:18:35 - [MESSAGE][PASSED] - Object 'Object Repository/SD_Login_OR/Page_Online Shopping Site in India (1)/input_username' is present

2018-07-09 17:18:35 - [TEST_STEP][FAILED] - setText: Unable to set text '9958571972' of object 'Object Repository/SD_Login_OR/Page_Online Shopping Site in India/Page_Online Shopping Site in India/Page_Online Shopping Site in India/input_username' (Root cause: org.openqa.selenium.InvalidElementStateException: invalid element state: Element is not currently interactable and may not be manipulated
  (Session info: chrome=67.0.3396.99)
  (Driver info: chromedriver=2.35.528161 (5b82f2d2aae0ca24b877009200ced9065a772e73),platform=Windows NT 6.1.7601 SP1 x86_64) (WARNING: The server did not provide any stacktrace information)
Command duration or timeout: 0 milliseconds
Build info: version: '3.7.1', revision: '8a0099a', time: '2017-11-06T21:07:36.161Z'
System info: host: 'L-15S7152', ip: '10.20.86.19', os.name: 'Windows 7', os.arch: 'amd64', os.version: '6.1', java.version: '1.8.0_102'
Driver info: com.kms.katalon.selenium.driver.CChromeDriver
Capabilities {acceptInsecureCerts: false, acceptSslCerts: false, applicationCacheEnabled: false, browserConnectionEnabled: false, browserName: chrome, chrome: {chromedriverVersion: 2.35.528161 (5b82f2d2aae0ca..., userDataDir: C:\Users\KARTIK~1.IN\AppDat...}, cssSelectorsEnabled: true, databaseEnabled: false, handlesAlerts: true, hasTouchScreen: false, javascriptEnabled: true, locationContextEnabled: true, mobileEmulationEnabled: false, nativeEvents: true, networkConnectionEnabled: false, pageLoadStrategy: normal, platform: XP, platformName: XP, rotatable: false, setWindowRect: true, takesHeapSnapshot: true, takesScreenshot: true, unexpectedAlertBehaviour: , unhandledPromptBehavior: , version: 67.0.3396.99, webStorageEnabled: true}
Session ID: d3e9f01a0c450d6f344164cc5682ff19)

2018-07-09 17:18:36 - [MESSAGE][FAILED] - Unable to set text '9958571972' of object 'Object Repository/SD_Login_OR/Page_Online Shopping Site in India/Page_Online Shopping Site in India/Page_Online Shopping Site in India/input_username' (Root cause: org.openqa.selenium.InvalidElementStateException: invalid element state: Element is not currently interactable and may not be manipulated
  (Session info: chrome=67.0.3396.99)
  (Driver info: chromedriver=2.35.528161 (5b82f2d2aae0ca24b877009200ced9065a772e73),platform=Windows NT 6.1.7601 SP1 x86_64) (WARNING: The server did not provide any stacktrace information)
Command duration or timeout: 0 milliseconds
Build info: version: '3.7.1', revision: '8a0099a', time: '2017-11-06T21:07:36.161Z'
System info: host: 'L-15S7152', ip: '10.20.86.19', os.name: 'Windows 7', os.arch: 'amd64', os.version: '6.1', java.version: '1.8.0_102'
Driver info: com.kms.katalon.selenium.driver.CChromeDriver
Capabilities {acceptInsecureCerts: false, acceptSslCerts: false, applicationCacheEnabled: false, browserConnectionEnabled: false, browserName: chrome, chrome: {chromedriverVersion: 2.35.528161 (5b82f2d2aae0ca..., userDataDir: C:\Users\KARTIK~1.IN\AppDat...}, cssSelectorsEnabled: true, databaseEnabled: false, handlesAlerts: true, hasTouchScreen: false, javascriptEnabled: true, locationContextEnabled: true, mobileEmulationEnabled: false, nativeEvents: true, networkConnectionEnabled: false, pageLoadStrategy: normal, platform: XP, platformName: XP, rotatable: false, setWindowRect: true, takesHeapSnapshot: true, takesScreenshot: true, unexpectedAlertBehaviour: , unhandledPromptBehavior: , version: 67.0.3396.99, webStorageEnabled: true}
Session ID: d3e9f01a0c450d6f344164cc5682ff19)
[[ATTACHMENT|C:\\Users\\kartik.sehgal.in\\Katalon Studio\\SD\\Reports\\Snapdeal Web Page\\20180709_171814\\1531136915728.png]]]]></system-out>
         <system-err><![CDATA[2018-07-09 17:18:28 - [TEST_CASE][FAILED] - Test Cases/Snapdeal Web Page: Test Cases/Snapdeal Web Page FAILED because (of) Unable to set text '9958571972' of object 'Object Repository/SD_Login_OR/Page_Online Shopping Site in India/Page_Online Shopping Site in India/Page_Online Shopping Site in India/input_username' (Root cause: org.openqa.selenium.InvalidElementStateException: invalid element state: Element is not currently interactable and may not be manipulated
  (Session info: chrome=67.0.3396.99)
  (Driver info: chromedriver=2.35.528161 (5b82f2d2aae0ca24b877009200ced9065a772e73),platform=Windows NT 6.1.7601 SP1 x86_64) (WARNING: The server did not provide any stacktrace information)
Command duration or timeout: 0 milliseconds
Build info: version: '3.7.1', revision: '8a0099a', time: '2017-11-06T21:07:36.161Z'
System info: host: 'L-15S7152', ip: '10.20.86.19', os.name: 'Windows 7', os.arch: 'amd64', os.version: '6.1', java.version: '1.8.0_102'
Driver info: com.kms.katalon.selenium.driver.CChromeDriver
Capabilities {acceptInsecureCerts: false, acceptSslCerts: false, applicationCacheEnabled: false, browserConnectionEnabled: false, browserName: chrome, chrome: {chromedriverVersion: 2.35.528161 (5b82f2d2aae0ca..., userDataDir: C:\Users\KARTIK~1.IN\AppDat...}, cssSelectorsEnabled: true, databaseEnabled: false, handlesAlerts: true, hasTouchScreen: false, javascriptEnabled: true, locationContextEnabled: true, mobileEmulationEnabled: false, nativeEvents: true, networkConnectionEnabled: false, pageLoadStrategy: normal, platform: XP, platformName: XP, rotatable: false, setWindowRect: true, takesHeapSnapshot: true, takesScreenshot: true, unexpectedAlertBehaviour: , unhandledPromptBehavior: , version: 67.0.3396.99, webStorageEnabled: true}
Session ID: d3e9f01a0c450d6f344164cc5682ff19)]]></system-err>
      </testcase>
      <system-out><![CDATA[2018-07-09 17:18:17 - [TEST_SUITE][FAILED] - Snapdeal Web Page: Test Cases/Snapdeal Web Page FAILED because (of) Unable to set text '9958571972' of object 'Object Repository/SD_Login_OR/Page_Online Shopping Site in India/Page_Online Shopping Site in India/Page_Online Shopping Site in India/input_username' (Root cause: org.openqa.selenium.InvalidElementStateException: invalid element state: Element is not currently interactable and may not be manipulated
  (Session info: chrome=67.0.3396.99)
  (Driver info: chromedriver=2.35.528161 (5b82f2d2aae0ca24b877009200ced9065a772e73),platform=Windows NT 6.1.7601 SP1 x86_64) (WARNING: The server did not provide any stacktrace information)
Command duration or timeout: 0 milliseconds
Build info: version: '3.7.1', revision: '8a0099a', time: '2017-11-06T21:07:36.161Z'
System info: host: 'L-15S7152', ip: '10.20.86.19', os.name: 'Windows 7', os.arch: 'amd64', os.version: '6.1', java.version: '1.8.0_102'
Driver info: com.kms.katalon.selenium.driver.CChromeDriver
Capabilities {acceptInsecureCerts: false, acceptSslCerts: false, applicationCacheEnabled: false, browserConnectionEnabled: false, browserName: chrome, chrome: {chromedriverVersion: 2.35.528161 (5b82f2d2aae0ca..., userDataDir: C:\Users\KARTIK~1.IN\AppDat...}, cssSelectorsEnabled: true, databaseEnabled: false, handlesAlerts: true, hasTouchScreen: false, javascriptEnabled: true, locationContextEnabled: true, mobileEmulationEnabled: false, nativeEvents: true, networkConnectionEnabled: false, pageLoadStrategy: normal, platform: XP, platformName: XP, rotatable: false, setWindowRect: true, takesHeapSnapshot: true, takesScreenshot: true, unexpectedAlertBehaviour: , unhandledPromptBehavior: , version: 67.0.3396.99, webStorageEnabled: true}
Session ID: d3e9f01a0c450d6f344164cc5682ff19)]]></system-out>
      <system-err><![CDATA[2018-07-09 17:18:17 - [TEST_SUITE][FAILED] - Snapdeal Web Page: Test Cases/Snapdeal Web Page FAILED because (of) Unable to set text '9958571972' of object 'Object Repository/SD_Login_OR/Page_Online Shopping Site in India/Page_Online Shopping Site in India/Page_Online Shopping Site in India/input_username' (Root cause: org.openqa.selenium.InvalidElementStateException: invalid element state: Element is not currently interactable and may not be manipulated
  (Session info: chrome=67.0.3396.99)
  (Driver info: chromedriver=2.35.528161 (5b82f2d2aae0ca24b877009200ced9065a772e73),platform=Windows NT 6.1.7601 SP1 x86_64) (WARNING: The server did not provide any stacktrace information)
Command duration or timeout: 0 milliseconds
Build info: version: '3.7.1', revision: '8a0099a', time: '2017-11-06T21:07:36.161Z'
System info: host: 'L-15S7152', ip: '10.20.86.19', os.name: 'Windows 7', os.arch: 'amd64', os.version: '6.1', java.version: '1.8.0_102'
Driver info: com.kms.katalon.selenium.driver.CChromeDriver
Capabilities {acceptInsecureCerts: false, acceptSslCerts: false, applicationCacheEnabled: false, browserConnectionEnabled: false, browserName: chrome, chrome: {chromedriverVersion: 2.35.528161 (5b82f2d2aae0ca..., userDataDir: C:\Users\KARTIK~1.IN\AppDat...}, cssSelectorsEnabled: true, databaseEnabled: false, handlesAlerts: true, hasTouchScreen: false, javascriptEnabled: true, locationContextEnabled: true, mobileEmulationEnabled: false, nativeEvents: true, networkConnectionEnabled: false, pageLoadStrategy: normal, platform: XP, platformName: XP, rotatable: false, setWindowRect: true, takesHeapSnapshot: true, takesScreenshot: true, unexpectedAlertBehaviour: , unhandledPromptBehavior: , version: 67.0.3396.99, webStorageEnabled: true}
Session ID: d3e9f01a0c450d6f344164cc5682ff19)]]></system-err>
   </testsuite>
</testsuites>
